0 info it worked if it ends with ok
1 verbose cli [ 'C:\\Program Files\\nodejs\\\\node.exe',
1 verbose cli   'C:\\Program Files\\nodejs\\node_modules\\npm\\bin\\npm-cli.js',
1 verbose cli   'install',
1 verbose cli   'requirejs-text' ]
2 info using npm@1.2.17
3 info using node@v0.10.3
4 verbose node symlink C:\Program Files\nodejs\\node.exe
5 verbose read json C:\Users\admin\My Documents\code\appointments\package.json
6 warn package.json appointments@0.0.1 No README.md file found!
7 verbose read json C:\Users\admin\My Documents\code\appointments\node_modules\chai\package.json
8 verbose read json C:\Users\admin\My Documents\code\appointments\node_modules\connect\package.json
9 verbose read json C:\Users\admin\My Documents\code\appointments\node_modules\grunt\package.json
10 verbose read json C:\Users\admin\My Documents\code\appointments\node_modules\grunt-exec\package.json
11 verbose read json C:\Users\admin\My Documents\code\appointments\node_modules\mocha\package.json
12 verbose read json C:\Users\admin\My Documents\code\appointments\node_modules\requirejs\package.json
13 verbose from cache C:\Users\admin\My Documents\code\appointments\package.json
14 verbose readDependencies using package.json deps
15 verbose cache add [ 'requirejs-text', null ]
16 verbose cache add name=undefined spec="requirejs-text" args=["requirejs-text",null]
17 verbose parsed url { protocol: null,
17 verbose parsed url   slashes: null,
17 verbose parsed url   auth: null,
17 verbose parsed url   host: null,
17 verbose parsed url   port: null,
17 verbose parsed url   hostname: null,
17 verbose parsed url   hash: null,
17 verbose parsed url   search: null,
17 verbose parsed url   query: null,
17 verbose parsed url   pathname: 'requirejs-text',
17 verbose parsed url   path: 'requirejs-text',
17 verbose parsed url   href: 'requirejs-text' }
18 silly lockFile 9274b3d4-requirejs-text requirejs-text
19 verbose lock requirejs-text C:\Users\admin\AppData\Roaming\npm-cache\9274b3d4-requirejs-text.lock
20 silly lockFile 9274b3d4-requirejs-text requirejs-text
21 silly lockFile 9274b3d4-requirejs-text requirejs-text
22 verbose addNamed [ 'requirejs-text', '' ]
23 verbose addNamed [ null, '' ]
24 silly lockFile b04b3c13-requirejs-text requirejs-text@
25 verbose lock requirejs-text@ C:\Users\admin\AppData\Roaming\npm-cache\b04b3c13-requirejs-text.lock
26 silly addNameRange { name: 'requirejs-text', range: '', hasData: false }
27 verbose url raw requirejs-text
28 verbose url resolving [ 'https://registry.npmjs.org/', './requirejs-text' ]
29 verbose url resolved https://registry.npmjs.org/requirejs-text
30 info trying registry request attempt 1 at 23:00:16
31 http GET https://registry.npmjs.org/requirejs-text
32 http 404 https://registry.npmjs.org/requirejs-text
33 silly registry.get cb [ 404,
33 silly registry.get   { server: 'CouchDB/1.3.1 (Erlang OTP/R15B03)',
33 silly registry.get     date: 'Fri, 23 Aug 2013 22:00:13 GMT',
33 silly registry.get     'content-type': 'application/json',
33 silly registry.get     'content-length': '52',
33 silly registry.get     'cache-control': 'must-revalidate' } ]
34 silly lockFile b04b3c13-requirejs-text requirejs-text@
35 silly lockFile b04b3c13-requirejs-text requirejs-text@
36 error 404 'requirejs-text' is not in the npm registry.
36 error 404 You should bug the author to publish it
36 error 404
36 error 404 Note that you can also install from a
36 error 404 tarball, folder, or http url, or git url.
37 error System Windows_NT 6.1.7601
38 error command "C:\\Program Files\\nodejs\\\\node.exe" "C:\\Program Files\\nodejs\\node_modules\\npm\\bin\\npm-cli.js" "install" "requirejs-text"
39 error cwd C:\Users\admin\My Documents\code\appointments
40 error node -v v0.10.3
41 error npm -v 1.2.17
42 error code E404
43 verbose exit [ 1, true ]
